# JRE version: Java(TM) SE Runtime Environment (8.0_31-b13) (build 1.8.0_31-b13)
# Java VM: Java HotSpot(TM) 64-Bit Server VM (25.31-b07 mixed mode linux-amd64 compressed oops)
Heap:
 PSYoungGen      total 37888K, used 328K [0x00000000d6600000, 0x00000000d9000000, 0x0000000100000000)
  eden space 32768K, 1% used [0x00000000d6600000,0x00000000d6652060,0x00000000d8600000)
  from space 5120K, 0% used [0x00000000d8b00000,0x00000000d8b00000,0x00000000d9000000)
  to   space 5120K, 0% used [0x00000000d8600000,0x00000000d8600000,0x00000000d8b00000)
 ParOldGen       total 86016K, used 4187K [0x0000000083200000, 0x0000000088600000, 0x00000000d6600000)
  object space 86016K, 4% used [0x0000000083200000,0x0000000083616d40,0x0000000088600000)
 Metaspace       used 10302K, capacity 10396K, committed 10624K, reserved 1058816K
  class space    used 1109K, capacity 1138K, committed 1152K, reserved 1048576K
GC Heap History (8 events):
Event: 36.422 GC heap before
{Heap before GC invocations=1 (full 0):
 PSYoungGen      total 37888K, used 29092K [0x00000000d6600000, 0x00000000d9000000, 0x0000000100000000)
  eden space 32768K, 88% used [0x00000000d6600000,0x00000000d82693a8,0x00000000d8600000)
  from space 5120K, 0% used [0x00000000d8b00000,0x00000000d8b00000,0x00000000d9000000)
  to   space 5120K, 0% used [0x00000000d8600000,0x00000000d8600000,0x00000000d8b00000)
 ParOldGen       total 86016K, used 0K [0x0000000083200000, 0x0000000088600000, 0x00000000d6600000)
  object space 86016K, 0% used [0x0000000083200000,0x0000000083200000,0x0000000088600000)
 Metaspace       used 10255K, capacity 10364K, committed 10624K, reserved 1058816K
  class space    used 1102K, capacity 1106K, committed 1152K, reserved 1048576K
Event: 36.437 GC heap after
Heap after GC invocations=1 (full 0):
 PSYoungGen      total 37888K, used 4640K [0x00000000d6600000, 0x00000000d9000000, 0x0000000100000000)
  eden space 32768K, 0% used [0x00000000d6600000,0x00000000d6600000,0x00000000d8600000)
  from space 5120K, 90% used [0x00000000d8600000,0x00000000d8a88348,0x00000000d8b00000)
  to   space 5120K, 0% used [0x00000000d8b00000,0x00000000d8b00000,0x00000000d9000000)
 ParOldGen       total 86016K, used 80K [0x0000000083200000, 0x0000000088600000, 0x00000000d6600000)
  object space 86016K, 0% used [0x0000000083200000,0x0000000083214010,0x0000000088600000)
 Metaspace       used 10255K, capacity 10364K, committed 10624K, reserved 1058816K
  class space    used 1102K, capacity 1106K, committed 1152K, reserved 1048576K
}
Event: 36.437 GC heap before
{Heap before GC invocations=2 (full 1):
 PSYoungGen      total 37888K, used 4640K [0x00000000d6600000, 0x00000000d9000000, 0x0000000100000000)
  eden space 32768K, 0% used [0x00000000d6600000,0x00000000d6600000,0x00000000d8600000)
  from space 5120K, 90% used [0x00000000d8600000,0x00000000d8a88348,0x00000000d8b00000)
  to   space 5120K, 0% used [0x00000000d8b00000,0x00000000d8b00000,0x00000000d9000000)
 ParOldGen       total 86016K, used 80K [0x0000000083200000, 0x0000000088600000, 0x00000000d6600000)
  object space 86016K, 0% used [0x0000000083200000,0x0000000083214010,0x0000000088600000)
 Metaspace       used 10255K, capacity 10364K, committed 10624K, reserved 1058816K
  class space    used 1102K, capacity 1106K, committed 1152K, reserved 1048576K
Event: 36.459 GC heap after
Heap after GC invocations=2 (full 1):
 PSYoungGen      total 37888K, used 0K [0x00000000d6600000, 0x00000000d9000000, 0x0000000100000000)
  eden space 32768K, 0% used [0x00000000d6600000,0x00000000d6600000,0x00000000d8600000)
  from space 5120K, 0% used [0x00000000d8600000,0x00000000d8600000,0x00000000d8b00000)
  to   space 5120K, 0% used [0x00000000d8b00000,0x00000000d8b00000,0x00000000d9000000)
 ParOldGen       total 86016K, used 4420K [0x0000000083200000, 0x0000000088600000, 0x00000000d6600000)
  object space 86016K, 5% used [0x0000000083200000,0x0000000083651000,0x0000000088600000)
 Metaspace       used 10255K, capacity 10364K, committed 10624K, reserved 1058816K
  class space    used 1102K, capacity 1106K, committed 1152K, reserved 1048576K
}
Event: 36.465 GC heap before
{Heap before GC invocations=3 (full 1):
 PSYoungGen      total 37888K, used 1310K [0x00000000d6600000, 0x00000000d9000000, 0x0000000100000000)
  eden space 32768K, 4% used [0x00000000d6600000,0x00000000d6747b88,0x00000000d8600000)
  from space 5120K, 0% used [0x00000000d8600000,0x00000000d8600000,0x00000000d8b00000)
  to   space 5120K, 0% used [0x00000000d8b00000,0x00000000d8b00000,0x00000000d9000000)
 ParOldGen       total 86016K, used 4420K [0x0000000083200000, 0x0000000088600000, 0x00000000d6600000)
  object space 86016K, 5% used [0x0000000083200000,0x0000000083651000,0x0000000088600000)
 Metaspace       used 10302K, capacity 10396K, committed 10624K, reserved 1058816K
  class space    used 1109K, capacity 1138K, committed 1152K, reserved 1048576K
Event: 36.466 GC heap after
Heap after GC invocations=3 (full 1):
 PSYoungGen      total 37888K, used 160K [0x00000000d6600000, 0x00000000d9000000, 0x0000000100000000)
  eden space 32768K, 0% used [0x00000000d6600000,0x00000000d6600000,0x00000000d8600000)
  from space 5120K, 3% used [0x00000000d8b00000,0x00000000d8b28000,0x00000000d9000000)
  to   space 5120K, 0% used [0x00000000d8600000,0x00000000d8600000,0x00000000d8b00000)
 ParOldGen       total 86016K, used 4428K [0x0000000083200000, 0x0000000088600000, 0x00000000d6600000)
  object space 86016K, 5% used [0x0000000083200000,0x0000000083653000,0x0000000088600000)
 Metaspace       used 10302K, capacity 10396K, committed 10624K, reserved 1058816K
  class space    used 1109K, capacity 1138K, committed 1152K, reserved 1048576K
}
Event: 36.466 GC heap before
{Heap before GC invocations=4 (full 2):
 PSYoungGen      total 37888K, used 160K [0x00000000d6600000, 0x00000000d9000000, 0x0000000100000000)
  eden space 32768K, 0% used [0x00000000d6600000,0x00000000d6600000,0x00000000d8600000)
  from space 5120K, 3% used [0x00000000d8b00000,0x00000000d8b28000,0x00000000d9000000)
  to   space 5120K, 0% used [0x00000000d8600000,0x00000000d8600000,0x00000000d8b00000)
 ParOldGen       total 86016K, used 4428K [0x0000000083200000, 0x0000000088600000, 0x00000000d6600000)
  object space 86016K, 5% used [0x0000000083200000,0x0000000083653000,0x0000000088600000)
 Metaspace       used 10302K, capacity 10396K, committed 10624K, reserved 1058816K
  class space    used 1109K, capacity 1138K, committed 1152K, reserved 1048576K
Event: 36.498 GC heap after
Heap after GC invocations=4 (full 2):
 PSYoungGen      total 37888K, used 0K [0x00000000d6600000, 0x00000000d9000000, 0x0000000100000000)
  eden space 32768K, 0% used [0x00000000d6600000,0x00000000d6600000,0x00000000d8600000)
  from space 5120K, 0% used [0x00000000d8b00000,0x00000000d8b00000,0x00000000d9000000)
  to   space 5120K, 0% used [0x00000000d8600000,0x00000000d8600000,0x00000000d8b00000)
 ParOldGen       total 86016K, used 4187K [0x0000000083200000, 0x0000000088600000, 0x00000000d6600000)
  object space 86016K, 4% used [0x0000000083200000,0x0000000083616d40,0x0000000088600000)
 Metaspace       used 10302K, capacity 10396K, committed 10624K, reserved 1058816K
  class space    used 1109K, capacity 1138K, committed 1152K, reserved 1048576K
}

