# JRE version: Java(TM) SE Runtime Environment (8.0_31-b13) (build 1.8.0_31-b13)
# Java VM: Java HotSpot(TM) 64-Bit Server VM (25.31-b07 mixed mode linux-amd64 compressed oops)
Heap:
 PSYoungGen      total 37888K, used 328K [0x00000000d6600000, 0x00000000d9000000, 0x0000000100000000)
  eden space 32768K, 1% used [0x00000000d6600000,0x00000000d6652060,0x00000000d8600000)
  from space 5120K, 0% used [0x00000000d8b00000,0x00000000d8b00000,0x00000000d9000000)
  to   space 5120K, 0% used [0x00000000d8600000,0x00000000d8600000,0x00000000d8b00000)
 ParOldGen       total 86016K, used 2648K [0x0000000083200000, 0x0000000088600000, 0x00000000d6600000)
  object space 86016K, 3% used [0x0000000083200000,0x0000000083496220,0x0000000088600000)
 Metaspace       used 10230K, capacity 10332K, committed 10624K, reserved 1058816K
  class space    used 1101K, capacity 1138K, committed 1152K, reserved 1048576K
GC Heap History (8 events):
Event: 6.308 GC heap before
{Heap before GC invocations=1 (full 0):
 PSYoungGen      total 37888K, used 26463K [0x00000000d6600000, 0x00000000d9000000, 0x0000000100000000)
  eden space 32768K, 80% used [0x00000000d6600000,0x00000000d7fd7fb8,0x00000000d8600000)
  from space 5120K, 0% used [0x00000000d8b00000,0x00000000d8b00000,0x00000000d9000000)
  to   space 5120K, 0% used [0x00000000d8600000,0x00000000d8600000,0x00000000d8b00000)
 ParOldGen       total 86016K, used 0K [0x0000000083200000, 0x0000000088600000, 0x00000000d6600000)
  object space 86016K, 0% used [0x0000000083200000,0x0000000083200000,0x0000000088600000)
 Metaspace       used 10182K, capacity 10300K, committed 10624K, reserved 1058816K
  class space    used 1094K, capacity 1106K, committed 1152K, reserved 1048576K
Event: 6.316 GC heap after
Heap after GC invocations=1 (full 0):
 PSYoungGen      total 37888K, used 4363K [0x00000000d6600000, 0x00000000d9000000, 0x0000000100000000)
  eden space 32768K, 0% used [0x00000000d6600000,0x00000000d6600000,0x00000000d8600000)
  from space 5120K, 85% used [0x00000000d8600000,0x00000000d8a42dd0,0x00000000d8b00000)
  to   space 5120K, 0% used [0x00000000d8b00000,0x00000000d8b00000,0x00000000d9000000)
 ParOldGen       total 86016K, used 80K [0x0000000083200000, 0x0000000088600000, 0x00000000d6600000)
  object space 86016K, 0% used [0x0000000083200000,0x0000000083214010,0x0000000088600000)
 Metaspace       used 10182K, capacity 10300K, committed 10624K, reserved 1058816K
  class space    used 1094K, capacity 1106K, committed 1152K, reserved 1048576K
}
Event: 6.316 GC heap before
{Heap before GC invocations=2 (full 1):
 PSYoungGen      total 37888K, used 4363K [0x00000000d6600000, 0x00000000d9000000, 0x0000000100000000)
  eden space 32768K, 0% used [0x00000000d6600000,0x00000000d6600000,0x00000000d8600000)
  from space 5120K, 85% used [0x00000000d8600000,0x00000000d8a42dd0,0x00000000d8b00000)
  to   space 5120K, 0% used [0x00000000d8b00000,0x00000000d8b00000,0x00000000d9000000)
 ParOldGen       total 86016K, used 80K [0x0000000083200000, 0x0000000088600000, 0x00000000d6600000)
  object space 86016K, 0% used [0x0000000083200000,0x0000000083214010,0x0000000088600000)
 Metaspace       used 10182K, capacity 10300K, committed 10624K, reserved 1058816K
  class space    used 1094K, capacity 1106K, committed 1152K, reserved 1048576K
Event: 6.336 GC heap after
Heap after GC invocations=2 (full 1):
 PSYoungGen      total 37888K, used 0K [0x00000000d6600000, 0x00000000d9000000, 0x0000000100000000)
  eden space 32768K, 0% used [0x00000000d6600000,0x00000000d6600000,0x00000000d8600000)
  from space 5120K, 0% used [0x00000000d8600000,0x00000000d8600000,0x00000000d8b00000)
  to   space 5120K, 0% used [0x00000000d8b00000,0x00000000d8b00000,0x00000000d9000000)
 ParOldGen       total 86016K, used 4064K [0x0000000083200000, 0x0000000088600000, 0x00000000d6600000)
  object space 86016K, 4% used [0x0000000083200000,0x00000000835f81d0,0x0000000088600000)
 Metaspace       used 10182K, capacity 10300K, committed 10624K, reserved 1058816K
  class space    used 1094K, capacity 1106K, committed 1152K, reserved 1048576K
}
Event: 6.340 GC heap before
{Heap before GC invocations=3 (full 1):
 PSYoungGen      total 37888K, used 1310K [0x00000000d6600000, 0x00000000d9000000, 0x0000000100000000)
  eden space 32768K, 4% used [0x00000000d6600000,0x00000000d6747b88,0x00000000d8600000)
  from space 5120K, 0% used [0x00000000d8600000,0x00000000d8600000,0x00000000d8b00000)
  to   space 5120K, 0% used [0x00000000d8b00000,0x00000000d8b00000,0x00000000d9000000)
 ParOldGen       total 86016K, used 4064K [0x0000000083200000, 0x0000000088600000, 0x00000000d6600000)
  object space 86016K, 4% used [0x0000000083200000,0x00000000835f81d0,0x0000000088600000)
 Metaspace       used 10230K, capacity 10332K, committed 10624K, reserved 1058816K
  class space    used 1101K, capacity 1138K, committed 1152K, reserved 1048576K
Event: 6.341 GC heap after
Heap after GC invocations=3 (full 1):
 PSYoungGen      total 37888K, used 224K [0x00000000d6600000, 0x00000000d9000000, 0x0000000100000000)
  eden space 32768K, 0% used [0x00000000d6600000,0x00000000d6600000,0x00000000d8600000)
  from space 5120K, 4% used [0x00000000d8b00000,0x00000000d8b38000,0x00000000d9000000)
  to   space 5120K, 0% used [0x00000000d8600000,0x00000000d8600000,0x00000000d8b00000)
 ParOldGen       total 86016K, used 4072K [0x0000000083200000, 0x0000000088600000, 0x00000000d6600000)
  object space 86016K, 4% used [0x0000000083200000,0x00000000835fa1d0,0x0000000088600000)
 Metaspace       used 10230K, capacity 10332K, committed 10624K, reserved 1058816K
  class space    used 1101K, capacity 1138K, committed 1152K, reserved 1048576K
}
Event: 6.341 GC heap before
{Heap before GC invocations=4 (full 2):
 PSYoungGen      total 37888K, used 224K [0x00000000d6600000, 0x00000000d9000000, 0x0000000100000000)
  eden space 32768K, 0% used [0x00000000d6600000,0x00000000d6600000,0x00000000d8600000)
  from space 5120K, 4% used [0x00000000d8b00000,0x00000000d8b38000,0x00000000d9000000)
  to   space 5120K, 0% used [0x00000000d8600000,0x00000000d8600000,0x00000000d8b00000)
 ParOldGen       total 86016K, used 4072K [0x0000000083200000, 0x0000000088600000, 0x00000000d6600000)
  object space 86016K, 4% used [0x0000000083200000,0x00000000835fa1d0,0x0000000088600000)
 Metaspace       used 10230K, capacity 10332K, committed 10624K, reserved 1058816K
  class space    used 1101K, capacity 1138K, committed 1152K, reserved 1048576K
Event: 6.380 GC heap after
Heap after GC invocations=4 (full 2):
 PSYoungGen      total 37888K, used 0K [0x00000000d6600000, 0x00000000d9000000, 0x0000000100000000)
  eden space 32768K, 0% used [0x00000000d6600000,0x00000000d6600000,0x00000000d8600000)
  from space 5120K, 0% used [0x00000000d8b00000,0x00000000d8b00000,0x00000000d9000000)
  to   space 5120K, 0% used [0x00000000d8600000,0x00000000d8600000,0x00000000d8b00000)
 ParOldGen       total 86016K, used 2648K [0x0000000083200000, 0x0000000088600000, 0x00000000d6600000)
  object space 86016K, 3% used [0x0000000083200000,0x0000000083496220,0x0000000088600000)
 Metaspace       used 10230K, capacity 10332K, committed 10624K, reserved 1058816K
  class space    used 1101K, capacity 1138K, committed 1152K, reserved 1048576K
}

