# JRE version: Java(TM) SE Runtime Environment (8.0_31-b13) (build 1.8.0_31-b13)
# Java VM: Java HotSpot(TM) 64-Bit Server VM (25.31-b07 mixed mode linux-amd64 compressed oops)
Heap:
 PSYoungGen      total 37888K, used 328K [0x00000000d6600000, 0x00000000d9000000, 0x0000000100000000)
  eden space 32768K, 1% used [0x00000000d6600000,0x00000000d6652060,0x00000000d8600000)
  from space 5120K, 0% used [0x00000000d8b00000,0x00000000d8b00000,0x00000000d9000000)
  to   space 5120K, 0% used [0x00000000d8600000,0x00000000d8600000,0x00000000d8b00000)
 ParOldGen       total 86016K, used 2415K [0x0000000083200000, 0x0000000088600000, 0x00000000d6600000)
  object space 86016K, 2% used [0x0000000083200000,0x000000008345bfc0,0x0000000088600000)
 Metaspace       used 10278K, capacity 10364K, committed 10752K, reserved 1058816K
  class space    used 1120K, capacity 1170K, committed 1280K, reserved 1048576K
GC Heap History (8 events):
Event: 2.910 GC heap before
{Heap before GC invocations=1 (full 0):
 PSYoungGen      total 37888K, used 27126K [0x00000000d6600000, 0x00000000d9000000, 0x0000000100000000)
  eden space 32768K, 82% used [0x00000000d6600000,0x00000000d807da68,0x00000000d8600000)
  from space 5120K, 0% used [0x00000000d8b00000,0x00000000d8b00000,0x00000000d9000000)
  to   space 5120K, 0% used [0x00000000d8600000,0x00000000d8600000,0x00000000d8b00000)
 ParOldGen       total 86016K, used 0K [0x0000000083200000, 0x0000000088600000, 0x00000000d6600000)
  object space 86016K, 0% used [0x0000000083200000,0x0000000083200000,0x0000000088600000)
 Metaspace       used 10229K, capacity 10332K, committed 10624K, reserved 1058816K
  class space    used 1114K, capacity 1138K, committed 1152K, reserved 1048576K
Event: 2.917 GC heap after
Heap after GC invocations=1 (full 0):
 PSYoungGen      total 37888K, used 4330K [0x00000000d6600000, 0x00000000d9000000, 0x0000000100000000)
  eden space 32768K, 0% used [0x00000000d6600000,0x00000000d6600000,0x00000000d8600000)
  from space 5120K, 84% used [0x00000000d8600000,0x00000000d8a3ab40,0x00000000d8b00000)
  to   space 5120K, 0% used [0x00000000d8b00000,0x00000000d8b00000,0x00000000d9000000)
 ParOldGen       total 86016K, used 80K [0x0000000083200000, 0x0000000088600000, 0x00000000d6600000)
  object space 86016K, 0% used [0x0000000083200000,0x0000000083214010,0x0000000088600000)
 Metaspace       used 10229K, capacity 10332K, committed 10624K, reserved 1058816K
  class space    used 1114K, capacity 1138K, committed 1152K, reserved 1048576K
}
Event: 2.917 GC heap before
{Heap before GC invocations=2 (full 1):
 PSYoungGen      total 37888K, used 4330K [0x00000000d6600000, 0x00000000d9000000, 0x0000000100000000)
  eden space 32768K, 0% used [0x00000000d6600000,0x00000000d6600000,0x00000000d8600000)
  from space 5120K, 84% used [0x00000000d8600000,0x00000000d8a3ab40,0x00000000d8b00000)
  to   space 5120K, 0% used [0x00000000d8b00000,0x00000000d8b00000,0x00000000d9000000)
 ParOldGen       total 86016K, used 80K [0x0000000083200000, 0x0000000088600000, 0x00000000d6600000)
  object space 86016K, 0% used [0x0000000083200000,0x0000000083214010,0x0000000088600000)
 Metaspace       used 10229K, capacity 10332K, committed 10624K, reserved 1058816K
  class space    used 1114K, capacity 1138K, committed 1152K, reserved 1048576K
Event: 2.938 GC heap after
Heap after GC invocations=2 (full 1):
 PSYoungGen      total 37888K, used 0K [0x00000000d6600000, 0x00000000d9000000, 0x0000000100000000)
  eden space 32768K, 0% used [0x00000000d6600000,0x00000000d6600000,0x00000000d8600000)
  from space 5120K, 0% used [0x00000000d8600000,0x00000000d8600000,0x00000000d8b00000)
  to   space 5120K, 0% used [0x00000000d8b00000,0x00000000d8b00000,0x00000000d9000000)
 ParOldGen       total 86016K, used 4123K [0x0000000083200000, 0x0000000088600000, 0x00000000d6600000)
  object space 86016K, 4% used [0x0000000083200000,0x0000000083606cc8,0x0000000088600000)
 Metaspace       used 10229K, capacity 10332K, committed 10624K, reserved 1058816K
  class space    used 1114K, capacity 1138K, committed 1152K, reserved 1048576K
}
Event: 2.944 GC heap before
{Heap before GC invocations=3 (full 1):
 PSYoungGen      total 37888K, used 1638K [0x00000000d6600000, 0x00000000d9000000, 0x0000000100000000)
  eden space 32768K, 5% used [0x00000000d6600000,0x00000000d6799a40,0x00000000d8600000)
  from space 5120K, 0% used [0x00000000d8600000,0x00000000d8600000,0x00000000d8b00000)
  to   space 5120K, 0% used [0x00000000d8b00000,0x00000000d8b00000,0x00000000d9000000)
 ParOldGen       total 86016K, used 4123K [0x0000000083200000, 0x0000000088600000, 0x00000000d6600000)
  object space 86016K, 4% used [0x0000000083200000,0x0000000083606cc8,0x0000000088600000)
 Metaspace       used 10278K, capacity 10364K, committed 10752K, reserved 1058816K
  class space    used 1120K, capacity 1170K, committed 1280K, reserved 1048576K
Event: 2.945 GC heap after
Heap after GC invocations=3 (full 1):
 PSYoungGen      total 37888K, used 96K [0x00000000d6600000, 0x00000000d9000000, 0x0000000100000000)
  eden space 32768K, 0% used [0x00000000d6600000,0x00000000d6600000,0x00000000d8600000)
  from space 5120K, 1% used [0x00000000d8b00000,0x00000000d8b18000,0x00000000d9000000)
  to   space 5120K, 0% used [0x00000000d8600000,0x00000000d8600000,0x00000000d8b00000)
 ParOldGen       total 86016K, used 4123K [0x0000000083200000, 0x0000000088600000, 0x00000000d6600000)
  object space 86016K, 4% used [0x0000000083200000,0x0000000083606cc8,0x0000000088600000)
 Metaspace       used 10278K, capacity 10364K, committed 10752K, reserved 1058816K
  class space    used 1120K, capacity 1170K, committed 1280K, reserved 1048576K
}
Event: 2.945 GC heap before
{Heap before GC invocations=4 (full 2):
 PSYoungGen      total 37888K, used 96K [0x00000000d6600000, 0x00000000d9000000, 0x0000000100000000)
  eden space 32768K, 0% used [0x00000000d6600000,0x00000000d6600000,0x00000000d8600000)
  from space 5120K, 1% used [0x00000000d8b00000,0x00000000d8b18000,0x00000000d9000000)
  to   space 5120K, 0% used [0x00000000d8600000,0x00000000d8600000,0x00000000d8b00000)
 ParOldGen       total 86016K, used 4123K [0x0000000083200000, 0x0000000088600000, 0x00000000d6600000)
  object space 86016K, 4% used [0x0000000083200000,0x0000000083606cc8,0x0000000088600000)
 Metaspace       used 10278K, capacity 10364K, committed 10752K, reserved 1058816K
  class space    used 1120K, capacity 1170K, committed 1280K, reserved 1048576K
Event: 2.971 GC heap after
Heap after GC invocations=4 (full 2):
 PSYoungGen      total 37888K, used 0K [0x00000000d6600000, 0x00000000d9000000, 0x0000000100000000)
  eden space 32768K, 0% used [0x00000000d6600000,0x00000000d6600000,0x00000000d8600000)
  from space 5120K, 0% used [0x00000000d8b00000,0x00000000d8b00000,0x00000000d9000000)
  to   space 5120K, 0% used [0x00000000d8600000,0x00000000d8600000,0x00000000d8b00000)
 ParOldGen       total 86016K, used 2415K [0x0000000083200000, 0x0000000088600000, 0x00000000d6600000)
  object space 86016K, 2% used [0x0000000083200000,0x000000008345bfc0,0x0000000088600000)
 Metaspace       used 10278K, capacity 10364K, committed 10752K, reserved 1058816K
  class space    used 1120K, capacity 1170K, committed 1280K, reserved 1048576K
}

