# JRE version: Java(TM) SE Runtime Environment (8.0_31-b13) (build 1.8.0_31-b13)
# Java VM: Java HotSpot(TM) 64-Bit Server VM (25.31-b07 mixed mode linux-amd64 compressed oops)
Heap:
 PSYoungGen      total 37888K, used 328K [0x00000000d6600000, 0x00000000d9000000, 0x0000000100000000)
  eden space 32768K, 1% used [0x00000000d6600000,0x00000000d6652060,0x00000000d8600000)
  from space 5120K, 0% used [0x00000000d8b00000,0x00000000d8b00000,0x00000000d9000000)
  to   space 5120K, 0% used [0x00000000d8600000,0x00000000d8600000,0x00000000d8b00000)
 ParOldGen       total 86016K, used 3636K [0x0000000083200000, 0x0000000088600000, 0x00000000d6600000)
  object space 86016K, 4% used [0x0000000083200000,0x000000008358d268,0x0000000088600000)
 Metaspace       used 10276K, capacity 10364K, committed 10752K, reserved 1058816K
  class space    used 1120K, capacity 1170K, committed 1280K, reserved 1048576K
GC Heap History (8 events):
Event: 3.836 GC heap before
{Heap before GC invocations=1 (full 0):
 PSYoungGen      total 37888K, used 27756K [0x00000000d6600000, 0x00000000d9000000, 0x0000000100000000)
  eden space 32768K, 84% used [0x00000000d6600000,0x00000000d811b0d0,0x00000000d8600000)
  from space 5120K, 0% used [0x00000000d8b00000,0x00000000d8b00000,0x00000000d9000000)
  to   space 5120K, 0% used [0x00000000d8600000,0x00000000d8600000,0x00000000d8b00000)
 ParOldGen       total 86016K, used 0K [0x0000000083200000, 0x0000000088600000, 0x00000000d6600000)
  object space 86016K, 0% used [0x0000000083200000,0x0000000083200000,0x0000000088600000)
 Metaspace       used 10228K, capacity 10332K, committed 10624K, reserved 1058816K
  class space    used 1114K, capacity 1138K, committed 1152K, reserved 1048576K
Event: 3.844 GC heap after
Heap after GC invocations=1 (full 0):
 PSYoungGen      total 37888K, used 4348K [0x00000000d6600000, 0x00000000d9000000, 0x0000000100000000)
  eden space 32768K, 0% used [0x00000000d6600000,0x00000000d6600000,0x00000000d8600000)
  from space 5120K, 84% used [0x00000000d8600000,0x00000000d8a3f170,0x00000000d8b00000)
  to   space 5120K, 0% used [0x00000000d8b00000,0x00000000d8b00000,0x00000000d9000000)
 ParOldGen       total 86016K, used 80K [0x0000000083200000, 0x0000000088600000, 0x00000000d6600000)
  object space 86016K, 0% used [0x0000000083200000,0x0000000083214010,0x0000000088600000)
 Metaspace       used 10228K, capacity 10332K, committed 10624K, reserved 1058816K
  class space    used 1114K, capacity 1138K, committed 1152K, reserved 1048576K
}
Event: 3.844 GC heap before
{Heap before GC invocations=2 (full 1):
 PSYoungGen      total 37888K, used 4348K [0x00000000d6600000, 0x00000000d9000000, 0x0000000100000000)
  eden space 32768K, 0% used [0x00000000d6600000,0x00000000d6600000,0x00000000d8600000)
  from space 5120K, 84% used [0x00000000d8600000,0x00000000d8a3f170,0x00000000d8b00000)
  to   space 5120K, 0% used [0x00000000d8b00000,0x00000000d8b00000,0x00000000d9000000)
 ParOldGen       total 86016K, used 80K [0x0000000083200000, 0x0000000088600000, 0x00000000d6600000)
  object space 86016K, 0% used [0x0000000083200000,0x0000000083214010,0x0000000088600000)
 Metaspace       used 10228K, capacity 10332K, committed 10624K, reserved 1058816K
  class space    used 1114K, capacity 1138K, committed 1152K, reserved 1048576K
Event: 3.861 GC heap after
Heap after GC invocations=2 (full 1):
 PSYoungGen      total 37888K, used 0K [0x00000000d6600000, 0x00000000d9000000, 0x0000000100000000)
  eden space 32768K, 0% used [0x00000000d6600000,0x00000000d6600000,0x00000000d8600000)
  from space 5120K, 0% used [0x00000000d8600000,0x00000000d8600000,0x00000000d8b00000)
  to   space 5120K, 0% used [0x00000000d8b00000,0x00000000d8b00000,0x00000000d9000000)
 ParOldGen       total 86016K, used 4116K [0x0000000083200000, 0x0000000088600000, 0x00000000d6600000)
  object space 86016K, 4% used [0x0000000083200000,0x0000000083605220,0x0000000088600000)
 Metaspace       used 10228K, capacity 10332K, committed 10624K, reserved 1058816K
  class space    used 1114K, capacity 1138K, committed 1152K, reserved 1048576K
}
Event: 3.864 GC heap before
{Heap before GC invocations=3 (full 1):
 PSYoungGen      total 37888K, used 1310K [0x00000000d6600000, 0x00000000d9000000, 0x0000000100000000)
  eden space 32768K, 4% used [0x00000000d6600000,0x00000000d6747b88,0x00000000d8600000)
  from space 5120K, 0% used [0x00000000d8600000,0x00000000d8600000,0x00000000d8b00000)
  to   space 5120K, 0% used [0x00000000d8b00000,0x00000000d8b00000,0x00000000d9000000)
 ParOldGen       total 86016K, used 4116K [0x0000000083200000, 0x0000000088600000, 0x00000000d6600000)
  object space 86016K, 4% used [0x0000000083200000,0x0000000083605220,0x0000000088600000)
 Metaspace       used 10275K, capacity 10364K, committed 10752K, reserved 1058816K
  class space    used 1120K, capacity 1170K, committed 1280K, reserved 1048576K
Event: 3.865 GC heap after
Heap after GC invocations=3 (full 1):
 PSYoungGen      total 37888K, used 128K [0x00000000d6600000, 0x00000000d9000000, 0x0000000100000000)
  eden space 32768K, 0% used [0x00000000d6600000,0x00000000d6600000,0x00000000d8600000)
  from space 5120K, 2% used [0x00000000d8b00000,0x00000000d8b20000,0x00000000d9000000)
  to   space 5120K, 0% used [0x00000000d8600000,0x00000000d8600000,0x00000000d8b00000)
 ParOldGen       total 86016K, used 4116K [0x0000000083200000, 0x0000000088600000, 0x00000000d6600000)
  object space 86016K, 4% used [0x0000000083200000,0x0000000083605220,0x0000000088600000)
 Metaspace       used 10275K, capacity 10364K, committed 10752K, reserved 1058816K
  class space    used 1120K, capacity 1170K, committed 1280K, reserved 1048576K
}
Event: 3.865 GC heap before
{Heap before GC invocations=4 (full 2):
 PSYoungGen      total 37888K, used 128K [0x00000000d6600000, 0x00000000d9000000, 0x0000000100000000)
  eden space 32768K, 0% used [0x00000000d6600000,0x00000000d6600000,0x00000000d8600000)
  from space 5120K, 2% used [0x00000000d8b00000,0x00000000d8b20000,0x00000000d9000000)
  to   space 5120K, 0% used [0x00000000d8600000,0x00000000d8600000,0x00000000d8b00000)
 ParOldGen       total 86016K, used 4116K [0x0000000083200000, 0x0000000088600000, 0x00000000d6600000)
  object space 86016K, 4% used [0x0000000083200000,0x0000000083605220,0x0000000088600000)
 Metaspace       used 10275K, capacity 10364K, committed 10752K, reserved 1058816K
  class space    used 1120K, capacity 1170K, committed 1280K, reserved 1048576K
Event: 3.889 GC heap after
Heap after GC invocations=4 (full 2):
 PSYoungGen      total 37888K, used 0K [0x00000000d6600000, 0x00000000d9000000, 0x0000000100000000)
  eden space 32768K, 0% used [0x00000000d6600000,0x00000000d6600000,0x00000000d8600000)
  from space 5120K, 0% used [0x00000000d8b00000,0x00000000d8b00000,0x00000000d9000000)
  to   space 5120K, 0% used [0x00000000d8600000,0x00000000d8600000,0x00000000d8b00000)
 ParOldGen       total 86016K, used 3636K [0x0000000083200000, 0x0000000088600000, 0x00000000d6600000)
  object space 86016K, 4% used [0x0000000083200000,0x000000008358d268,0x0000000088600000)
 Metaspace       used 10275K, capacity 10364K, committed 10752K, reserved 1058816K
  class space    used 1120K, capacity 1170K, committed 1280K, reserved 1048576K
}

